0000     Assign          START     0
0000     FIRST        +LDB     #RETADR       6910083E
          BASE     RETADR       
0004          STL     000     174000
0007          LDA     FIRST        024000
000A     BADR         RESW     700     
083E     RETADR       RESW     1     
0841          CLEAR     A     B400
0843          LDX     #FIRST        050000
0846          LDA     #5     010005
0849     WLOOP        TD     009     E32009
084C          JEQ     FFA     332FFA
084F          LDCH     FEC     53AFEC
0852          WD     000     DF2000
                    LTORG                    
0855               *     =X'000001'     000001
0858          +LDA     01090     03101090
                    LTORG                    
1090               *     =X'000007'     000007
          END     Assign